This file contains any messages produced by compilers while
running configure, to aid debugging if configure makes a mistake.

It was created by configure, which was
generated by GNU Autoconf 2.52.  Invocation command line was

  $ ./configure 

## ---------- ##
## Platform.  ##
## ---------- ##

hostname = linux
uname -m = i686
uname -r = 2.4.18-4GB
uname -s = Linux
uname -v = #1 Wed Mar 27 13:57:05 UTC 2002

/usr/bin/uname -p = unknown
/bin/uname -X     = unknown

/bin/arch              = i686
/usr/bin/arch -k       = unknown
/usr/convex/getsysinfo = unknown
hostinfo               = unknown
/bin/machine           = unknown
/usr/bin/oslevel       = unknown
/bin/universe          = unknown

PATH = /usr/local/bin:/usr/bin:/usr/X11R6/bin:/bin:/usr/games:/opt/gnome/bin:/opt/kde3/bin:/opt/kde2/bin:/usr/lib/java/bin:/opt/gnome/bin

## ------------ ##
## Core tests.  ##
## ------------ ##

configure:917: PATH=".;."; conftest.sh
./configure: conftest.sh: command not found
configure:920: $? = 127
configure:962: checking for awk
configure:988: result: no
configure:1011: checking for egcs
configure:1037: result: no
configure:1053: checking if build environemnt is sane
configure:1076: result: ok
configure:1109: checking for nasm
configure:1135: result: no
configure:1204: checking for make
configure:1230: result: no
configure:1265: checking linker
configure:1302: result: /usr/i486-suse-linux/bin/ld
configure:1357: checking for gcc
configure:1380: result: gcc
configure:1608: checking for C compiler version
configure:1611: gcc --version </dev/null >&5
2.95.3
configure:1614: $? = 0
configure:1616: gcc -v </dev/null >&5
Reading specs from /usr/lib/gcc-lib/i486-suse-linux/2.95.3/specs
gcc version 2.95.3 20010315 (SuSE)
configure:1619: $? = 0
configure:1621: gcc -V </dev/null >&5
gcc: argument to `-V' is missing
configure:1624: $? = 1
configure:1644: checking for C compiler default output
configure:1647: gcc -Wall -g -DI80X86   conftest.c  >&5
configure:1650: $? = 0
configure:1679: result: a.out
configure:1684: checking whether the C compiler works
configure:1690: ./a.out
configure:1693: $? = 0
configure:1708: result: yes
configure:1715: checking whether we are cross compiling
configure:1717: result: no
configure:1720: checking for executable suffix
configure:1722: gcc -o conftest -Wall -g -DI80X86   conftest.c  >&5
configure:1725: $? = 0
configure:1747: result: 
configure:1753: checking for object suffix
configure:1771: gcc -c -Wall -g -DI80X86  conftest.c >&5
configure:1774: $? = 0
configure:1793: result: o
configure:1797: checking whether we are using the GNU C compiler
configure:1818: gcc -c -Wall -g -DI80X86  conftest.c >&5
configure:1821: $? = 0
configure:1824: test -s conftest.o
configure:1827: $? = 0
configure:1839: result: yes
configure:1845: checking whether gcc accepts -g
configure:1863: gcc -c -g -DI80X86  conftest.c >&5
configure:1866: $? = 0
configure:1869: test -s conftest.o
configure:1872: $? = 0
configure:1882: result: yes
configure:1909: gcc -c -Wall -g -DI80X86  conftest.c >&5
conftest.c:2: parse error before `me'
configure:1912: $? = 1
configure: failed program was:
#ifndef __cplusplus
  choke me
#endif
configure:2015: checking how to run the C preprocessor
configure:2041: gcc -E -DI80X86  conftest.c
configure:2047: $? = 0
configure:2074: gcc -E -DI80X86  conftest.c
configure:2071: ac_nonexistent.h: No such file or directory
configure:2080: $? = 1
configure: failed program was:
#line 2070 "configure"
#include "confdefs.h"
#include <ac_nonexistent.h>
configure:2117: result: gcc -E
configure:2132: gcc -E -DI80X86  conftest.c
configure:2138: $? = 0
configure:2165: gcc -E -DI80X86  conftest.c
configure:2162: ac_nonexistent.h: No such file or directory
configure:2171: $? = 1
configure: failed program was:
#line 2161 "configure"
#include "confdefs.h"
#include <ac_nonexistent.h>
configure:2210: checking for ANSI C header files
configure:2224: gcc -E -DI80X86  conftest.c
configure:2230: $? = 0
configure:2317: gcc -o conftest -Wall -g -DI80X86   conftest.c  >&5
configure:2320: $? = 0
configure:2322: ./conftest
configure:2325: $? = 0
configure:2338: result: yes
configure:2348: checking for gcc option to accept ANSI C
configure:2405: gcc  -c -Wall -g -DI80X86  conftest.c >&5
configure:2408: $? = 0
configure:2411: test -s conftest.o
configure:2414: $? = 0
configure:2431: result: none needed
configure:2439: checking for an ANSI C-conforming const
configure:2503: gcc -c -Wall -g -DI80X86  conftest.c >&5
configure: In function `main':
configure:2473: warning: unused variable `s'
configure:2493: warning: unused variable `foo'
configure:2460: warning: unused variable `zero'
configure:2454: warning: unused variable `x'
configure:2506: $? = 0
configure:2509: test -s conftest.o
configure:2512: $? = 0
configure:2522: result: yes
configure:2644: creating ./config.status

## ----------------------- ##
## Running config.status.  ##
## ----------------------- ##

This file was extended by config.status 2.52, executed with
  CONFIG_FILES    = 
  CONFIG_HEADERS  = 
  CONFIG_LINKS    = 
  CONFIG_COMMANDS = 
  > ./config.status 
on linux

config.status:3072: creating Makefile
config.status:3072: creating test/MakeTest

## ----------------- ##
## Cache variables.  ##
## ----------------- ##

ac_cv_c_compiler_gnu=yes
ac_cv_c_const=yes
ac_cv_env_CC_set=
ac_cv_env_CC_value=
ac_cv_env_CFLAGS_set=
ac_cv_env_CFLAGS_value=
ac_cv_env_CPPFLAGS_set=
ac_cv_env_CPPFLAGS_value=
ac_cv_env_CPP_set=
ac_cv_env_CPP_value=
ac_cv_env_LDFLAGS_set=
ac_cv_env_LDFLAGS_value=
ac_cv_env_build_alias_set=
ac_cv_env_build_alias_value=
ac_cv_env_host_alias_set=
ac_cv_env_host_alias_value=
ac_cv_env_target_alias_set=
ac_cv_env_target_alias_value=
ac_cv_header_stdc=yes
ac_cv_objext=o
ac_cv_prog_CPP=$'gcc -E'
ac_cv_prog_ac_ct_CC=gcc
ac_cv_prog_cc_g=yes
ac_cv_prog_cc_stdc=

## ------------ ##
## confdefs.h.  ##
## ------------ ##

#define STDC_HEADERS 1


configure: exit 0
